<?xml version='1.0' encoding='UTF-8'?>
<testsuite hostname="ubuntu" name="funsets.FunSetSuite" tests="10" errors="0" failures="0" skipped="0" time="0.109" timestamp="2020-11-05T00:17:06">
                     <properties>
[...]
</properties>
                     <testcase classname="funsets.FunSetSuite" name="forall test" time="0.082">
                                                 
                                               </testcase><testcase classname="funsets.FunSetSuite" name="singleton set one contains one" time="0.002">
                                                 
                                               </testcase><testcase classname="funsets.FunSetSuite" name="interset test" time="0.003">
                                                 
                                               </testcase><testcase classname="funsets.FunSetSuite" name="exists test" time="0.003">
                                                 
                                               </testcase><testcase classname="funsets.FunSetSuite" name="union contains all elements of each set" time="0.002">
                                                 
                                               </testcase><testcase classname="funsets.FunSetSuite" name="filter test" time="0.003">
                                                 
                                               </testcase><testcase classname="funsets.FunSetSuite" name="diff test" time="0.002">
                                                 
                                               </testcase><testcase classname="funsets.FunSetSuite" name="union {1,3,4,5,7,1000} and {1,2,3,4}" time="0.004">
                                                 
                                               </testcase><testcase classname="funsets.FunSetSuite" name="contains is implemented" time="0.002">
                                                 
                                               </testcase><testcase classname="funsets.FunSetSuite" name="map test" time="0.006">
                                                 
                                               </testcase>
                     <system-out><![CDATA[]]></system-out>
                     <system-err><![CDATA[]]></system-err>
                   </testsuite>